<!DOCTYPE html PUBLIC "-//W3C//DTD XHTML 1.1//EN" "https://www.w3.org/TR/xhtml11/DTD/xhtml11.dtd">
<html xmlns="https://www.w3.org/1999/xhtml">
<head>
<meta http-equiv="content-type" content="text/html; charset=UTF-8"/>
<title>TestNG Report</title>
<style type="text/css">table {margin-bottom:10px;border-collapse:collapse;empty-cells:show}th,td {border:1px solid #009;padding:.25em .5em}th {vertical-align:bottom}td {vertical-align:top}table a {font-weight:bold}.stripe td {background-color: #E6EBF9}.num {text-align:right}.passedodd td {background-color: #3F3}.passedeven td {background-color: #0A0}.skippedodd td {background-color: #DDD}.skippedeven td {background-color: #CCC}.failedodd td,.attn {background-color: #F33}.failedeven td,.stripe .attn {background-color: #D00}.stacktrace {white-space:pre;font-family:monospace}.totop {font-size:85%;text-align:center;border-bottom:2px solid #000}.invisible {display:none}</style>
</head>
<body>
<table>
<tr><th>Test</th><th># Passed</th><th># Skipped</th><th># Retried</th><th># Failed</th><th>Time (ms)</th><th>Included Groups</th><th>Excluded Groups</th></tr>
<tr><th colspan="8">testsuite</th></tr>
<tr><td><a href="#t0">Login Test</a></td><td class="num">1</td><td class="num">0</td><td class="num">0</td><td class="num attn">5</td><td class="num">118,340</td><td></td><td></td></tr>
</table>
<table id='summary'><thead><tr><th>Class</th><th>Method</th><th>Start</th><th>Time (ms)</th></tr></thead><tbody><tr><th colspan="4">testsuite</th></tr></tbody><tbody id="t0"><tr><th colspan="4">Login Test &#8212; failed</th></tr><tr class="failedeven"><td rowspan="5">uk.co.library.testsuite.JobSearchTest</td><td><a href="#m0">verifyJobSearchResultUsingDifferentDataSet</a></td><td rowspan="5">1671142581685</td><td rowspan="5">20980</td></tr><tr class="failedeven"><td><a href="#m1">verifyJobSearchResultUsingDifferentDataSet</a></td></tr><tr class="failedeven"><td><a href="#m2">verifyJobSearchResultUsingDifferentDataSet</a></td></tr><tr class="failedeven"><td><a href="#m3">verifyJobSearchResultUsingDifferentDataSet</a></td></tr><tr class="failedeven"><td><a href="#m4">verifyJobSearchResultUsingDifferentDataSet</a></td></tr><tr><th colspan="4">Login Test &#8212; passed</th></tr><tr class="passedeven"><td rowspan="1">uk.co.library.testsuite.JobSearchTest</td><td><a href="#m5">verifyJobSearchResultUsingDifferentDataSet</a></td><td rowspan="1">1671142663327</td><td rowspan="1">8356</td></tr></tbody>
</table>
<h2>Login Test</h2><h3 id="m0">uk.co.library.testsuite.JobSearchTest#verifyJobSearchResultUsingDifferentDataSet</h3><table class="result"><tr class="param"><th>Parameter #1</th><th>Parameter #2</th><th>Parameter #3</th><th>Parameter #4</th><th>Parameter #5</th><th>Parameter #6</th><th>Parameter #7</th><th>Parameter #8</th></tr><tr class="param stripe"><td>Bookkeeper</td><td>London</td><td>up to 10 mile</td><td>30000</td><td>40000</td><td>Per annum</td><td>Permanent</td><td>Permanent</td></tr><tr><th colspan="8">Messages</th></tr><tr><td colspan="8"><div class="messages">Enter job titleBookkeepertext to job title field: Bookkeeper<br/>Enter locationLondontext to job title field: [[ChromeDriver: chrome on WINDOWS (5eef0b63fcbbcd12bf4597570be93614)] -> id: location]<br/>Select distance up to 10 mile from distance dropdown[[ChromeDriver: chrome on WINDOWS (5eef0b63fcbbcd12bf4597570be93614)] -> id: distance]<br/>Click to see screenshot<br/><a target = "_blank" href=C:\Users\Manisha\IdeaProjects\testng-cv-library.co.uk-data-provider-week15/test-output/html/verifyJobSearchResultUsingDifferentDataSetThu_Dec_15_22_16_42_GMT_2022.jpg>Screenshot</a><br/><br><br/><br><br/><a target = "_blank" href=C:\Users\Manisha\IdeaProjects\testng-cv-library.co.uk-data-provider-week15/test-output/html/verifyJobSearchResultUsingDifferentDataSetThu_Dec_15_22_16_42_GMT_2022.jpg><img src=C:\Users\Manisha\IdeaProjects\testng-cv-library.co.uk-data-provider-week15/test-output/html/verifyJobSearchResultUsingDifferentDataSetThu_Dec_15_22_16_42_GMT_2022.jpg height=200 width=200></img></a></div></td></tr><tr><th colspan="8">Exception</th></tr><tr><td colspan="8"><div class="stacktrace">org.openqa.selenium.NoSuchElementException: Cannot locate option with text: up to 10 mile
For documentation on this error, please visit: https://selenium.dev/exceptions/#no_such_element
Build info: version: &apos;4.6.0&apos;, revision: &apos;79f1c02ae20&apos;
System info: os.name: &apos;Windows 10&apos;, os.arch: &apos;amd64&apos;, os.version: &apos;10.0&apos;, java.version: &apos;1.8.0_121&apos;
Driver info: driver.version: unknown
	at org.openqa.selenium.support.ui.Select.selectByVisibleText(Select.java:153)
	at uk.co.library.utility.UtilityClass.selectByVisibleTextFromDropDown(UtilityClass.java:147)
	at uk.co.library.pages.HomePage.selectDistance(HomePage.java:72)
	at uk.co.library.testsuite.JobSearchTest.verifyJobSearchResultUsingDifferentDataSet(JobSearchTest.java:32)
	at java.util.ArrayList.forEach(ArrayList.java:1249)
	at com.intellij.rt.testng.IDEARemoteTestNG.run(IDEARemoteTestNG.java:66)
	at com.intellij.rt.testng.RemoteTestNGStarter.main(RemoteTestNGStarter.java:109)
... Removed 24 stack frames</div></td></tr></table><p class="totop"><a href="#summary">back to summary</a></p>
<h3 id="m1">uk.co.library.testsuite.JobSearchTest#verifyJobSearchResultUsingDifferentDataSet</h3><table class="result"><tr class="param"><th>Parameter #1</th><th>Parameter #2</th><th>Parameter #3</th><th>Parameter #4</th><th>Parameter #5</th><th>Parameter #6</th><th>Parameter #7</th><th>Parameter #8</th></tr><tr class="param stripe"><td>Tester</td><td>Harrow</td><td>up to 5 miles</td><td>30000</td><td>500000</td><td>Per annum</td><td>Permanent</td><td>Permanent</td></tr><tr><th colspan="8">Messages</th></tr><tr><td colspan="8"><div class="messages">Enter job titleTestertext to job title field: Tester<br/>Click to see screenshot<br/><a target = "_blank" href=C:\Users\Manisha\IdeaProjects\testng-cv-library.co.uk-data-provider-week15/test-output/html/verifyJobSearchResultUsingDifferentDataSetThu_Dec_15_22_16_18_GMT_2022.jpg>Screenshot</a><br/><br><br/><br><br/><a target = "_blank" href=C:\Users\Manisha\IdeaProjects\testng-cv-library.co.uk-data-provider-week15/test-output/html/verifyJobSearchResultUsingDifferentDataSetThu_Dec_15_22_16_18_GMT_2022.jpg><img src=C:\Users\Manisha\IdeaProjects\testng-cv-library.co.uk-data-provider-week15/test-output/html/verifyJobSearchResultUsingDifferentDataSetThu_Dec_15_22_16_18_GMT_2022.jpg height=200 width=200></img></a></div></td></tr><tr><th colspan="8">Exception</th></tr><tr><td colspan="8"><div class="stacktrace">org.openqa.selenium.NoSuchElementException: no such element: Unable to locate element: {&quot;method&quot;:&quot;css selector&quot;,&quot;selector&quot;:&quot;#keywords&quot;}
  (Session info: chrome=108.0.5359.125)
For documentation on this error, please visit: https://selenium.dev/exceptions/#no_such_element
Build info: version: &apos;4.6.0&apos;, revision: &apos;79f1c02ae20&apos;
System info: os.name: &apos;Windows 10&apos;, os.arch: &apos;amd64&apos;, os.version: &apos;10.0&apos;, java.version: &apos;1.8.0_121&apos;
Driver info: org.openqa.selenium.chrome.ChromeDriver
Command: [740609bf215e848b4d41afb3721bd4ab, findElement {using=id, value=keywords}]
Capabilities {acceptInsecureCerts: false, browserName: chrome, browserVersion: 108.0.5359.125, chrome: {chromedriverVersion: 108.0.5359.71 (1e0e3868ee06..., userDataDir: C:\Users\Manisha\AppData\Lo...}, goog:chromeOptions: {debuggerAddress: localhost:52264}, networkConnectionEnabled: false, pageLoadStrategy: normal, platformName: WINDOWS, proxy: Proxy(), se:cdp: ws://localhost:52264/devtoo..., se:cdpVersion: 108.0.5359.125, setWindowRect: true, strictFileInteractability: false, timeouts: {implicit: 0, pageLoad: 300000, script: 30000}, unhandledPromptBehavior: dismiss and notify, webauthn:extension:credBlob: true, webauthn:extension:largeBlob: true, webauthn:virtualAuthenticators: true}
Session ID: 740609bf215e848b4d41afb3721bd4ab
	at org.openqa.selenium.remote.codec.w3c.W3CHttpResponseCodec.createException(W3CHttpResponseCodec.java:200)
	at org.openqa.selenium.remote.codec.w3c.W3CHttpResponseCodec.decode(W3CHttpResponseCodec.java:133)
	at org.openqa.selenium.remote.codec.w3c.W3CHttpResponseCodec.decode(W3CHttpResponseCodec.java:53)
	at org.openqa.selenium.remote.HttpCommandExecutor.execute(HttpCommandExecutor.java:184)
	at org.openqa.selenium.remote.service.DriverCommandExecutor.invokeExecute(DriverCommandExecutor.java:167)
	at org.openqa.selenium.remote.service.DriverCommandExecutor.execute(DriverCommandExecutor.java:142)
	at org.openqa.selenium.remote.RemoteWebDriver.execute(RemoteWebDriver.java:541)
	at org.openqa.selenium.remote.ElementLocation$ElementFinder$2.findElement(ElementLocation.java:162)
	at org.openqa.selenium.remote.ElementLocation.findElement(ElementLocation.java:60)
	at org.openqa.selenium.remote.RemoteWebDriver.findElement(RemoteWebDriver.java:365)
	at org.openqa.selenium.remote.RemoteWebDriver.findElement(RemoteWebDriver.java:357)
	at org.openqa.selenium.support.pagefactory.DefaultElementLocator.findElement(DefaultElementLocator.java:70)
	at org.openqa.selenium.support.pagefactory.internal.LocatingElementHandler.invoke(LocatingElementHandler.java:39)
	at com.sun.proxy.$Proxy16.sendKeys(Unknown Source)
	at uk.co.library.utility.UtilityClass.sendTextToElement(UtilityClass.java:74)
	at uk.co.library.pages.HomePage.enterJobTitle(HomePage.java:62)
	at uk.co.library.testsuite.JobSearchTest.verifyJobSearchResultUsingDifferentDataSet(JobSearchTest.java:30)
	at java.util.ArrayList.forEach(ArrayList.java:1249)
	at com.intellij.rt.testng.IDEARemoteTestNG.run(IDEARemoteTestNG.java:66)
	at com.intellij.rt.testng.RemoteTestNGStarter.main(RemoteTestNGStarter.java:109)
... Removed 28 stack frames</div></td></tr></table><p class="totop"><a href="#summary">back to summary</a></p>
<h3 id="m2">uk.co.library.testsuite.JobSearchTest#verifyJobSearchResultUsingDifferentDataSet</h3><table class="result"><tr class="param"><th>Parameter #1</th><th>Parameter #2</th><th>Parameter #3</th><th>Parameter #4</th><th>Parameter #5</th><th>Parameter #6</th><th>Parameter #7</th><th>Parameter #8</th></tr><tr class="param stripe"><td>Developer</td><td>Milton Keynes</td><td>up to 10 miles</td><td>35000</td><td>70000</td><td>Per annum</td><td>Contract</td><td>Contract</td></tr><tr><th colspan="8">Messages</th></tr><tr><td colspan="8"><div class="messages">Enter job titleDevelopertext to job title field: Developer<br/>Click to see screenshot<br/><a target = "_blank" href=C:\Users\Manisha\IdeaProjects\testng-cv-library.co.uk-data-provider-week15/test-output/html/verifyJobSearchResultUsingDifferentDataSetThu_Dec_15_22_17_31_GMT_2022.jpg>Screenshot</a><br/><br><br/><br><br/><a target = "_blank" href=C:\Users\Manisha\IdeaProjects\testng-cv-library.co.uk-data-provider-week15/test-output/html/verifyJobSearchResultUsingDifferentDataSetThu_Dec_15_22_17_31_GMT_2022.jpg><img src=C:\Users\Manisha\IdeaProjects\testng-cv-library.co.uk-data-provider-week15/test-output/html/verifyJobSearchResultUsingDifferentDataSetThu_Dec_15_22_17_31_GMT_2022.jpg height=200 width=200></img></a></div></td></tr><tr><th colspan="8">Exception</th></tr><tr><td colspan="8"><div class="stacktrace">org.openqa.selenium.NoSuchElementException: no such element: Unable to locate element: {&quot;method&quot;:&quot;css selector&quot;,&quot;selector&quot;:&quot;#keywords&quot;}
  (Session info: chrome=108.0.5359.125)
For documentation on this error, please visit: https://selenium.dev/exceptions/#no_such_element
Build info: version: &apos;4.6.0&apos;, revision: &apos;79f1c02ae20&apos;
System info: os.name: &apos;Windows 10&apos;, os.arch: &apos;amd64&apos;, os.version: &apos;10.0&apos;, java.version: &apos;1.8.0_121&apos;
Driver info: org.openqa.selenium.chrome.ChromeDriver
Command: [3c7cffbaf85285a9b95c1c1daff1a3b0, findElement {using=id, value=keywords}]
Capabilities {acceptInsecureCerts: false, browserName: chrome, browserVersion: 108.0.5359.125, chrome: {chromedriverVersion: 108.0.5359.71 (1e0e3868ee06..., userDataDir: C:\Users\Manisha\AppData\Lo...}, goog:chromeOptions: {debuggerAddress: localhost:52484}, networkConnectionEnabled: false, pageLoadStrategy: normal, platformName: WINDOWS, proxy: Proxy(), se:cdp: ws://localhost:52484/devtoo..., se:cdpVersion: 108.0.5359.125, setWindowRect: true, strictFileInteractability: false, timeouts: {implicit: 0, pageLoad: 300000, script: 30000}, unhandledPromptBehavior: dismiss and notify, webauthn:extension:credBlob: true, webauthn:extension:largeBlob: true, webauthn:virtualAuthenticators: true}
Session ID: 3c7cffbaf85285a9b95c1c1daff1a3b0
	at org.openqa.selenium.remote.codec.w3c.W3CHttpResponseCodec.createException(W3CHttpResponseCodec.java:200)
	at org.openqa.selenium.remote.codec.w3c.W3CHttpResponseCodec.decode(W3CHttpResponseCodec.java:133)
	at org.openqa.selenium.remote.codec.w3c.W3CHttpResponseCodec.decode(W3CHttpResponseCodec.java:53)
	at org.openqa.selenium.remote.HttpCommandExecutor.execute(HttpCommandExecutor.java:184)
	at org.openqa.selenium.remote.service.DriverCommandExecutor.invokeExecute(DriverCommandExecutor.java:167)
	at org.openqa.selenium.remote.service.DriverCommandExecutor.execute(DriverCommandExecutor.java:142)
	at org.openqa.selenium.remote.RemoteWebDriver.execute(RemoteWebDriver.java:541)
	at org.openqa.selenium.remote.ElementLocation$ElementFinder$2.findElement(ElementLocation.java:162)
	at org.openqa.selenium.remote.ElementLocation.findElement(ElementLocation.java:60)
	at org.openqa.selenium.remote.RemoteWebDriver.findElement(RemoteWebDriver.java:365)
	at org.openqa.selenium.remote.RemoteWebDriver.findElement(RemoteWebDriver.java:357)
	at org.openqa.selenium.support.pagefactory.DefaultElementLocator.findElement(DefaultElementLocator.java:70)
	at org.openqa.selenium.support.pagefactory.internal.LocatingElementHandler.invoke(LocatingElementHandler.java:39)
	at com.sun.proxy.$Proxy16.sendKeys(Unknown Source)
	at uk.co.library.utility.UtilityClass.sendTextToElement(UtilityClass.java:74)
	at uk.co.library.pages.HomePage.enterJobTitle(HomePage.java:62)
	at uk.co.library.testsuite.JobSearchTest.verifyJobSearchResultUsingDifferentDataSet(JobSearchTest.java:30)
	at java.util.ArrayList.forEach(ArrayList.java:1249)
	at com.intellij.rt.testng.IDEARemoteTestNG.run(IDEARemoteTestNG.java:66)
	at com.intellij.rt.testng.RemoteTestNGStarter.main(RemoteTestNGStarter.java:109)
... Removed 28 stack frames</div></td></tr></table><p class="totop"><a href="#summary">back to summary</a></p>
<h3 id="m3">uk.co.library.testsuite.JobSearchTest#verifyJobSearchResultUsingDifferentDataSet</h3><table class="result"><tr class="param"><th>Parameter #1</th><th>Parameter #2</th><th>Parameter #3</th><th>Parameter #4</th><th>Parameter #5</th><th>Parameter #6</th><th>Parameter #7</th><th>Parameter #8</th></tr><tr class="param stripe"><td>Warehouse Operative</td><td>Watford, Hertfordshire</td><td>up to 5 miles</td><td>20000</td><td>35000</td><td>Per annum</td><td>Permanent</td><td>Permanent</td></tr><tr><th colspan="8">Messages</th></tr><tr><td colspan="8"><div class="messages">Click to see screenshot<br/><a target = "_blank" href=C:\Users\Manisha\IdeaProjects\testng-cv-library.co.uk-data-provider-week15/test-output/html/verifyJobSearchResultUsingDifferentDataSetThu_Dec_15_22_17_05_GMT_2022.jpg>Screenshot</a><br/><br><br/><br><br/><a target = "_blank" href=C:\Users\Manisha\IdeaProjects\testng-cv-library.co.uk-data-provider-week15/test-output/html/verifyJobSearchResultUsingDifferentDataSetThu_Dec_15_22_17_05_GMT_2022.jpg><img src=C:\Users\Manisha\IdeaProjects\testng-cv-library.co.uk-data-provider-week15/test-output/html/verifyJobSearchResultUsingDifferentDataSetThu_Dec_15_22_17_05_GMT_2022.jpg height=200 width=200></img></a></div></td></tr><tr><th colspan="8">Exception</th></tr><tr><td colspan="8"><div class="stacktrace">org.openqa.selenium.NoSuchElementException: no such element: Unable to locate element: {&quot;method&quot;:&quot;css selector&quot;,&quot;selector&quot;:&quot;#save&quot;}
  (Session info: chrome=108.0.5359.125)
For documentation on this error, please visit: https://selenium.dev/exceptions/#no_such_element
Build info: version: &apos;4.6.0&apos;, revision: &apos;79f1c02ae20&apos;
System info: os.name: &apos;Windows 10&apos;, os.arch: &apos;amd64&apos;, os.version: &apos;10.0&apos;, java.version: &apos;1.8.0_121&apos;
Driver info: org.openqa.selenium.chrome.ChromeDriver
Command: [ddceb97e106a7b88c3c5e970c8f01b4f, findElement {using=id, value=save}]
Capabilities {acceptInsecureCerts: false, browserName: chrome, browserVersion: 108.0.5359.125, chrome: {chromedriverVersion: 108.0.5359.71 (1e0e3868ee06..., userDataDir: C:\Users\Manisha\AppData\Lo...}, goog:chromeOptions: {debuggerAddress: localhost:52410}, networkConnectionEnabled: false, pageLoadStrategy: normal, platformName: WINDOWS, proxy: Proxy(), se:cdp: ws://localhost:52410/devtoo..., se:cdpVersion: 108.0.5359.125, setWindowRect: true, strictFileInteractability: false, timeouts: {implicit: 0, pageLoad: 300000, script: 30000}, unhandledPromptBehavior: dismiss and notify, webauthn:extension:credBlob: true, webauthn:extension:largeBlob: true, webauthn:virtualAuthenticators: true}
Session ID: ddceb97e106a7b88c3c5e970c8f01b4f
	at org.openqa.selenium.remote.codec.w3c.W3CHttpResponseCodec.createException(W3CHttpResponseCodec.java:200)
	at org.openqa.selenium.remote.codec.w3c.W3CHttpResponseCodec.decode(W3CHttpResponseCodec.java:133)
	at org.openqa.selenium.remote.codec.w3c.W3CHttpResponseCodec.decode(W3CHttpResponseCodec.java:53)
	at org.openqa.selenium.remote.HttpCommandExecutor.execute(HttpCommandExecutor.java:184)
	at org.openqa.selenium.remote.service.DriverCommandExecutor.invokeExecute(DriverCommandExecutor.java:167)
	at org.openqa.selenium.remote.service.DriverCommandExecutor.execute(DriverCommandExecutor.java:142)
	at org.openqa.selenium.remote.RemoteWebDriver.execute(RemoteWebDriver.java:541)
	at org.openqa.selenium.remote.ElementLocation$ElementFinder$2.findElement(ElementLocation.java:162)
	at org.openqa.selenium.remote.ElementLocation.findElement(ElementLocation.java:66)
	at org.openqa.selenium.remote.RemoteWebDriver.findElement(RemoteWebDriver.java:365)
	at org.openqa.selenium.remote.RemoteWebDriver.findElement(RemoteWebDriver.java:357)
	at org.openqa.selenium.support.pagefactory.DefaultElementLocator.findElement(DefaultElementLocator.java:70)
	at org.openqa.selenium.support.pagefactory.internal.LocatingElementHandler.invoke(LocatingElementHandler.java:39)
	at com.sun.proxy.$Proxy16.click(Unknown Source)
	at uk.co.library.utility.UtilityClass.clickOnElement(UtilityClass.java:52)
	at uk.co.library.pages.HomePage.acceptCookies(HomePage.java:106)
	at uk.co.library.testsuite.JobSearchTest.verifyJobSearchResultUsingDifferentDataSet(JobSearchTest.java:29)
	at java.util.ArrayList.forEach(ArrayList.java:1249)
	at com.intellij.rt.testng.IDEARemoteTestNG.run(IDEARemoteTestNG.java:66)
	at com.intellij.rt.testng.RemoteTestNGStarter.main(RemoteTestNGStarter.java:109)
... Removed 28 stack frames</div></td></tr></table><p class="totop"><a href="#summary">back to summary</a></p>
<h3 id="m4">uk.co.library.testsuite.JobSearchTest#verifyJobSearchResultUsingDifferentDataSet</h3><table class="result"><tr class="param"><th>Parameter #1</th><th>Parameter #2</th><th>Parameter #3</th><th>Parameter #4</th><th>Parameter #5</th><th>Parameter #6</th><th>Parameter #7</th><th>Parameter #8</th></tr><tr class="param stripe"><td>Teaching Assistant</td><td>Wembley</td><td>up to 5 miles</td><td>24000</td><td>50000</td><td>Per annum</td><td>Permanent</td><td>Permanent</td></tr><tr><th colspan="8">Messages</th></tr><tr><td colspan="8"><div class="messages">Enter job titleTeaching Assistanttext to job title field: Teaching Assistant<br/>Enter locationWembleytext to job title field: [[ChromeDriver: chrome on WINDOWS (b74c375528a0431b8d2e690c8d9093ea)] -> id: location]<br/>Select distance up to 5 miles from distance dropdown[[ChromeDriver: chrome on WINDOWS (b74c375528a0431b8d2e690c8d9093ea)] -> id: distance]<br/>Click on more search option link: [[ChromeDriver: chrome on WINDOWS (b74c375528a0431b8d2e690c8d9093ea)] -> id: toggle-hp-search]<br/>Click to see screenshot<br/><a target = "_blank" href=C:\Users\Manisha\IdeaProjects\testng-cv-library.co.uk-data-provider-week15/test-output/html/verifyJobSearchResultUsingDifferentDataSetThu_Dec_15_22_17_37_GMT_2022.jpg>Screenshot</a><br/><br><br/><br><br/><a target = "_blank" href=C:\Users\Manisha\IdeaProjects\testng-cv-library.co.uk-data-provider-week15/test-output/html/verifyJobSearchResultUsingDifferentDataSetThu_Dec_15_22_17_37_GMT_2022.jpg><img src=C:\Users\Manisha\IdeaProjects\testng-cv-library.co.uk-data-provider-week15/test-output/html/verifyJobSearchResultUsingDifferentDataSetThu_Dec_15_22_17_37_GMT_2022.jpg height=200 width=200></img></a></div></td></tr><tr><th colspan="8">Exception</th></tr><tr><td colspan="8"><div class="stacktrace">org.openqa.selenium.ElementClickInterceptedException: element click intercepted: Element &lt;button type=&quot;button&quot; id=&quot;toggle-hp-search&quot; aria-expanded=&quot;false&quot;&gt;...&lt;/button&gt; is not clickable at point (331, 381). Other element would receive the click: &lt;div class=&quot;autocomplete-suggestion&quot; data-val=&quot;Teaching Assistant&quot;&gt;...&lt;/div&gt;
  (Session info: chrome=108.0.5359.125)
Build info: version: &apos;4.6.0&apos;, revision: &apos;79f1c02ae20&apos;
System info: os.name: &apos;Windows 10&apos;, os.arch: &apos;amd64&apos;, os.version: &apos;10.0&apos;, java.version: &apos;1.8.0_121&apos;
Driver info: org.openqa.selenium.chrome.ChromeDriver
Command: [b74c375528a0431b8d2e690c8d9093ea, clickElement {id=1e57c13e-ad46-4c29-89c2-b5e48dd396df}]
Capabilities {acceptInsecureCerts: false, browserName: chrome, browserVersion: 108.0.5359.125, chrome: {chromedriverVersion: 108.0.5359.71 (1e0e3868ee06..., userDataDir: C:\Users\Manisha\AppData\Lo...}, goog:chromeOptions: {debuggerAddress: localhost:52630}, networkConnectionEnabled: false, pageLoadStrategy: normal, platformName: WINDOWS, proxy: Proxy(), se:cdp: ws://localhost:52630/devtoo..., se:cdpVersion: 108.0.5359.125, setWindowRect: true, strictFileInteractability: false, timeouts: {implicit: 0, pageLoad: 300000, script: 30000}, unhandledPromptBehavior: dismiss and notify, webauthn:extension:credBlob: true, webauthn:extension:largeBlob: true, webauthn:virtualAuthenticators: true}
Element: [[ChromeDriver: chrome on WINDOWS (b74c375528a0431b8d2e690c8d9093ea)] -&gt; id: toggle-hp-search]
Session ID: b74c375528a0431b8d2e690c8d9093ea
	at org.openqa.selenium.remote.codec.w3c.W3CHttpResponseCodec.createException(W3CHttpResponseCodec.java:200)
	at org.openqa.selenium.remote.codec.w3c.W3CHttpResponseCodec.decode(W3CHttpResponseCodec.java:133)
	at org.openqa.selenium.remote.codec.w3c.W3CHttpResponseCodec.decode(W3CHttpResponseCodec.java:53)
	at org.openqa.selenium.remote.HttpCommandExecutor.execute(HttpCommandExecutor.java:184)
	at org.openqa.selenium.remote.service.DriverCommandExecutor.invokeExecute(DriverCommandExecutor.java:167)
	at org.openqa.selenium.remote.service.DriverCommandExecutor.execute(DriverCommandExecutor.java:142)
	at org.openqa.selenium.remote.RemoteWebDriver.execute(RemoteWebDriver.java:541)
	at org.openqa.selenium.remote.RemoteWebElement.execute(RemoteWebElement.java:257)
	at org.openqa.selenium.remote.RemoteWebElement.click(RemoteWebElement.java:78)
	at org.openqa.selenium.support.pagefactory.internal.LocatingElementHandler.invoke(LocatingElementHandler.java:52)
	at com.sun.proxy.$Proxy16.click(Unknown Source)
	at uk.co.library.utility.UtilityClass.clickOnElement(UtilityClass.java:52)
	at uk.co.library.pages.HomePage.clickOnMoreSearchOptionLink(HomePage.java:77)
	at uk.co.library.testsuite.JobSearchTest.verifyJobSearchResultUsingDifferentDataSet(JobSearchTest.java:34)
	at java.util.ArrayList.forEach(ArrayList.java:1249)
	at com.intellij.rt.testng.IDEARemoteTestNG.run(IDEARemoteTestNG.java:66)
	at com.intellij.rt.testng.RemoteTestNGStarter.main(RemoteTestNGStarter.java:109)
... Removed 32 stack frames</div></td></tr></table><p class="totop"><a href="#summary">back to summary</a></p>
<h3 id="m5">uk.co.library.testsuite.JobSearchTest#verifyJobSearchResultUsingDifferentDataSet</h3><table class="result"><tr class="param"><th>Parameter #1</th><th>Parameter #2</th><th>Parameter #3</th><th>Parameter #4</th><th>Parameter #5</th><th>Parameter #6</th><th>Parameter #7</th><th>Parameter #8</th></tr><tr class="param stripe"><td>Recruiter</td><td>Wales</td><td>up to 10 miles</td><td>20001</td><td>30000</td><td>Per annum</td><td>Part Time</td><td>Part Time</td></tr><tr><th colspan="8">Messages</th></tr><tr><td colspan="8"><div class="messages">Enter job titleRecruitertext to job title field: Recruiter<br/>Enter locationWalestext to job title field: [[ChromeDriver: chrome on WINDOWS (bdf446922dd9c9a78c96e712e737629c)] -> id: location]<br/>Select distance up to 10 miles from distance dropdown[[ChromeDriver: chrome on WINDOWS (bdf446922dd9c9a78c96e712e737629c)] -> id: distance]<br/>Click on more search option link: [[ChromeDriver: chrome on WINDOWS (bdf446922dd9c9a78c96e712e737629c)] -> id: toggle-hp-search]<br/>Enter minimum salary 20001to minimum salary field[[ChromeDriver: chrome on WINDOWS (bdf446922dd9c9a78c96e712e737629c)] -> id: salarymin]<br/>Enter maximum salary 30000to maximum salary field[[ChromeDriver: chrome on WINDOWS (bdf446922dd9c9a78c96e712e737629c)] -> id: salarymax]<br/>Select salary type Per annum from salary type dropdown[[ChromeDriver: chrome on WINDOWS (bdf446922dd9c9a78c96e712e737629c)] -> id: salarytype]<br/>Select job type Part Time from job type dropdown[[ChromeDriver: chrome on WINDOWS (bdf446922dd9c9a78c96e712e737629c)] -> id: tempperm]<br/>Click on find jobs button[[ChromeDriver: chrome on WINDOWS (bdf446922dd9c9a78c96e712e737629c)] -> id: hp-search-btn]<br/>Get text from result[[ChromeDriver: chrome on WINDOWS (bdf446922dd9c9a78c96e712e737629c)] -> tag name: h1]</div></td></tr></table><p class="totop"><a href="#summary">back to summary</a></p>
</body>
</html>
